0 info it worked if it ends with ok
1 verbose cli [ '/usr/bin/nodejs',
1 verbose cli   '/usr/bin/npm',
1 verbose cli   'install',
1 verbose cli   'Procfile',
1 verbose cli   '–save' ]
2 info using npm@3.5.2
3 info using node@v4.2.6
4 silly loadCurrentTree Starting
5 silly install loadCurrentTree
6 silly install readLocalPackageData
7 silly fetchPackageMetaData Procfile
8 silly fetchPackageMetaData –save
9 silly fetchOtherPackageData Procfile
10 silly cache add args [ 'Procfile', null ]
11 verbose cache add spec Procfile
12 silly fetchOtherPackageData –save
13 silly cache add args [ '–save', null ]
14 verbose cache add spec –save
15 silly cache add parsed spec Result {
15 silly cache add   raw: 'Procfile',
15 silly cache add   scope: null,
15 silly cache add   name: null,
15 silly cache add   rawSpec: 'Procfile',
15 silly cache add   spec: '/home/cheating/Desktop/line-bot-tutorial-master/Procfile',
15 silly cache add   type: 'local' }
16 silly cache add parsed spec Result {
16 silly cache add   raw: '–save',
16 silly cache add   scope: null,
16 silly cache add   name: null,
16 silly cache add   rawSpec: '–save',
16 silly cache add   spec: '/home/cheating/Desktop/line-bot-tutorial-master/–save',
16 silly cache add   type: 'local' }
17 error addLocal Could not install /home/cheating/Desktop/line-bot-tutorial-master/–save
18 silly fetchPackageMetaData Error: ENOENT: no such file or directory, open '/home/cheating/Desktop/line-bot-tutorial-master/–save'
18 silly fetchPackageMetaData     at Error (native)
18 silly fetchPackageMetaData  error for –save { [Error: ENOENT: no such file or directory, open '/home/cheating/Desktop/line-bot-tutorial-master/–save']
18 silly fetchPackageMetaData   errno: -2,
18 silly fetchPackageMetaData   code: 'ENOENT',
18 silly fetchPackageMetaData   syscall: 'open',
18 silly fetchPackageMetaData   path: '/home/cheating/Desktop/line-bot-tutorial-master/–save' }
19 silly addLocalTarball shasum (computed) c5b57b158eef0e820df6abcc85900f5a0268ba0b
20 verbose addTmpTarball /home/cheating/Desktop/line-bot-tutorial-master/Procfile not in flight; adding
21 verbose addTmpTarball validating metadata from /home/cheating/Desktop/line-bot-tutorial-master/Procfile
22 verbose tar unpack /home/cheating/Desktop/line-bot-tutorial-master/Procfile
23 verbose tar unpacking to /tmp/npm-57536-a6feeafc/unpack-f42002a6
24 silly gentlyRm /tmp/npm-57536-a6feeafc/unpack-f42002a6 is being purged
25 verbose gentlyRm don't care about contents; nuking /tmp/npm-57536-a6feeafc/unpack-f42002a6
26 silly gunzTarPerm modes [ '775', '664' ]
27 error not a package /home/cheating/Desktop/line-bot-tutorial-master/Procfile
28 error addLocal Could not install /home/cheating/Desktop/line-bot-tutorial-master/Procfile
29 silly fetchPackageMetaData Error: ENOENT: no such file or directory, open '/tmp/npm-57536-a6feeafc/unpack-f42002a6/package.json'
29 silly fetchPackageMetaData     at Error (native)
29 silly fetchPackageMetaData  error for Procfile { [Error: ENOENT: no such file or directory, open '/tmp/npm-57536-a6feeafc/unpack-f42002a6/package.json']
29 silly fetchPackageMetaData   errno: -2,
29 silly fetchPackageMetaData   code: 'ENOENT',
29 silly fetchPackageMetaData   syscall: 'open',
29 silly fetchPackageMetaData   path: '/tmp/npm-57536-a6feeafc/unpack-f42002a6/package.json' }
30 silly rollbackFailedOptional Starting
31 silly rollbackFailedOptional Finishing
32 silly runTopLevelLifecycles Starting
33 silly runTopLevelLifecycles Finishing
34 silly install printInstalled
35 verbose stack Error: ENOENT: no such file or directory, open '/home/cheating/Desktop/line-bot-tutorial-master/–save'
35 verbose stack     at Error (native)
36 verbose cwd /home/cheating/Desktop/line-bot-tutorial-master
37 error Linux 4.10.0-28-generic
38 error argv "/usr/bin/nodejs" "/usr/bin/npm" "install" "Procfile" "–save"
39 error node v4.2.6
40 error npm  v3.5.2
41 error path /home/cheating/Desktop/line-bot-tutorial-master/–save
42 error code ENOENT
43 error errno -2
44 error syscall open
45 error enoent ENOENT: no such file or directory, open '/home/cheating/Desktop/line-bot-tutorial-master/–save'
46 error enoent ENOENT: no such file or directory, open '/home/cheating/Desktop/line-bot-tutorial-master/–save'
46 error enoent This is most likely not a problem with npm itself
46 error enoent and is related to npm not being able to find a file.
47 verbose exit [ -2, true ]
